1537574545752	mozrunner::runner	INFO	Running command: "/usr/bin/firefox" "-marionette" "-foreground" "-no-remote" "-profile" "/tmp/rust_mozprofile.FroA4ycGilFd"

(firefox:3241): Gtk-WARNING **: Theme parsing error: <data>:1:34: Expected ')' in color definition

(firefox:3241): Gtk-WARNING **: Theme parsing error: <data>:1:77: Expected ')' in color definition
1537574550362	Marionette	INFO	Listening on port 39415
1537574550482	Marionette	WARN	TLS certificate errors will be ignored for this session
1537574550572	Marionette	DEBUG	[2147483649] Frame script loaded
1537574550584	Marionette	DEBUG	[2147483649] Frame script registered
1537574550597	Marionette	DEBUG	[2147483649] Received DOM event beforeunload for about:blank
1537574551395	Marionette	DEBUG	[2147483649] Received DOM event pagehide for about:blank
JavaScript error: https://www.runescape.com/js/rsp777_basic-102.js, line 1: ReferenceError: $ is not defined
JavaScript error: https://www.runescape.com/js/rsp777_twitter-100.js, line 109: ReferenceError: $ is not defined
JavaScript error: https://secure.runescape.com/m=hiscore_oldschool/overall.ws#_ga=2.28971004.1383053463.1537544578-302986252.1537544578, line 606: ReferenceError: $ is not defined
JavaScript error: https://www.runescape.com/js/rs3/plugins-100.js, line 6: ReferenceError: jQuery is not defined
JavaScript error: https://www.runescape.com/js/osrs/gtm-100.js, line 19: ReferenceError: $ is not defined
1537574557502	Marionette	DEBUG	[2147483649] Received DOM event DOMContentLoaded for https://secure.runescape.com/m=hiscore_oldschool/overall.ws#_ga=2.28971004.1383053463.1537544578-302986252.1537544578
1537574557994	Marionette	DEBUG	[2147483649] Received DOM event pageshow for https://secure.runescape.com/m=hiscore_oldschool/overall.ws#_ga=2.28971004.1383053463.1537544578-302986252.1537544578
1537574582287	Marionette	INFO	Stopped listening on port 39415
1537574587858	mozrunner::runner	INFO	Running command: "/usr/bin/firefox" "-marionette" "-foreground" "-no-remote" "-profile" "/tmp/rust_mozprofile.rWdwu8TLJRWC"

(firefox:3474): Gtk-WARNING **: Theme parsing error: <data>:1:34: Expected ')' in color definition

(firefox:3474): Gtk-WARNING **: Theme parsing error: <data>:1:77: Expected ')' in color definition
1537574590299	Marionette	INFO	Listening on port 38527
1537574590401	Marionette	WARN	TLS certificate errors will be ignored for this session
1537574590491	Marionette	DEBUG	[2147483649] Frame script loaded
1537574590501	Marionette	DEBUG	[2147483649] Frame script registered
1537574590539	Marionette	DEBUG	[2147483649] Received DOM event beforeunload for about:blank
1537574591683	Marionette	DEBUG	[2147483649] Received DOM event pagehide for about:blank
JavaScript error: https://www.runescape.com/js/rsp777_basic-102.js, line 1: TypeError: $ is not a function
JavaScript error: https://www.runescape.com/js/rsp777_twitter-100.js, line 109: TypeError: $ is not a function
JavaScript error: https://secure.runescape.com/m=hiscore_oldschool/overall.ws#_ga=2.28971004.1383053463.1537544578-302986252.1537544578, line 606: TypeError: $ is not a function
JavaScript error: https://www.runescape.com/js/rs3/plugins-100.js, line 6: TypeError: e is undefined
JavaScript error: https://www.runescape.com/js/osrs/gtm-100.js, line 19: TypeError: $ is undefined
1537574596329	Marionette	DEBUG	[2147483649] Received DOM event DOMContentLoaded for https://secure.runescape.com/m=hiscore_oldschool/overall.ws#_ga=2.28971004.1383053463.1537544578-302986252.1537544578
1537574596345	Marionette	DEBUG	[2147483649] Received DOM event pageshow for https://secure.runescape.com/m=hiscore_oldschool/overall.ws#_ga=2.28971004.1383053463.1537544578-302986252.1537544578
JavaScript error: https://www.runescape.com/js/rsp777_basic-102.js, line 1: ReferenceError: $ is not defined
JavaScript error: https://www.runescape.com/js/rsp777_twitter-100.js, line 109: ReferenceError: $ is not defined
JavaScript error: https://secure.runescape.com/m=hiscore_oldschool/hiscorepersonal.ws, line 438: ReferenceError: $ is not defined
JavaScript error: https://www.runescape.com/js/rs3/plugins-100.js, line 6: ReferenceError: jQuery is not defined
JavaScript error: https://www.runescape.com/js/osrs/gtm-100.js, line 19: ReferenceError: $ is not defined
